Cobrain/proguard/seeds.txt
com.cobrain.android.BuildConfig
com.cobrain.android.BuildConfig: boolean DEBUG
com.cobrain.android.BuildConfig: BuildConfig()
com.cobrain.android.MainActivity
com.cobrain.android.MainActivity: java.lang.String TAG
com.cobrain.android.MainActivity: java.lang.String ACTION_SIGNUP
com.cobrain.android.MainActivity: com.cobrain.android.controllers.Cobrain cobrain
com.cobrain.android.MainActivity: com.cobrain.android.controllers.Cobrain$CobrainView cobrainView
com.cobrain.android.MainActivity: com.cobrain.android.controllers.Cobrain$CobrainView cobrainMainView
com.cobrain.android.MainActivity: com.cobrain.android.controllers.Cobrain$CobrainView cobrainMenuView
com.cobrain.android.MainActivity: java.lang.Runnable showView
com.cobrain.android.MainActivity: android.app.ProgressDialog progressDialog
com.cobrain.android.MainActivity: com.cobrain.android.fragments.MainFragment homeFragment
com.cobrain.android.MainActivity: boolean showOptionsMenu
com.cobrain.android.MainActivity: com.cobrain.android.loaders.IntentLoader intentLoader
com.cobrain.android.MainActivity: android.view.View menuSelected
com.cobrain.android.MainActivity: int menuItemSelected
com.cobrain.android.MainActivity: boolean letMeLeave
com.cobrain.android.MainActivity: boolean isDestroying
com.cobrain.android.MainActivity: android.os.Handler handler
com.cobrain.android.MainActivity: android.widget.TextView actionBarTitle
com.cobrain.android.MainActivity: android.widget.TextView actionBarSubTitle
com.cobrain.android.MainActivity: android.view.View actionBarView
com.cobrain.android.MainActivity: android.view.View actionBarMenuOpenerView
com.cobrain.android.MainActivity$1
com.cobrain.android.MainActivity$1: com.cobrain.android.MainActivity this$0
com.cobrain.android.MainActivity$1: MainActivity$1(com.cobrain.android.MainActivity)
com.cobrain.android.MainActivity$1: void onClick(android.content.DialogInterface,int)
com.cobrain.android.MainActivity$2
com.cobrain.android.MainActivity$2: com.cobrain.android.MainActivity this$0
com.cobrain.android.MainActivity$2: java.lang.String val$tag
com.cobrain.android.MainActivity$2: MainActivity$2(com.cobrain.android.MainActivity,java.lang.String)
com.cobrain.android.MainActivity$2: void run()
com.cobrain.android.MainActivity$3
com.cobrain.android.MainActivity$3: com.cobrain.android.MainActivity this$0
com.cobrain.android.MainActivity$3: MainActivity$3(com.cobrain.android.MainActivity)
com.cobrain.android.MainActivity$3: void run()
com.cobrain.android.MainActivity$4
com.cobrain.android.MainActivity$4: com.cobrain.android.MainActivity this$0
com.cobrain.android.MainActivity$4: java.lang.String val$message
com.cobrain.android.MainActivity$4: MainActivity$4(com.cobrain.android.MainActivity,java.lang.String)
com.cobrain.android.MainActivity$4: void run()
com.cobrain.android.MainActivity$4$1
com.cobrain.android.MainActivity$4$1: com.cobrain.android.MainActivity$4 this$1
com.cobrain.android.MainActivity$4$1: MainActivity$4$1(com.cobrain.android.MainActivity$4)
com.cobrain.android.MainActivity$4$1: void onClick(android.content.DialogInterface,int)
com.cobrain.android.MainActivity$5
com.cobrain.android.MainActivity$5: com.cobrain.android.MainActivity this$0
com.cobrain.android.MainActivity$5: java.lang.String val$message
com.cobrain.android.MainActivity$5: MainActivity$5(com.cobrain.android.MainActivity,java.lang.String)
com.cobrain.android.MainActivity$5: void run()
com.cobrain.android.MainActivity$5$1
com.cobrain.android.MainActivity$5$1: com.cobrain.android.MainActivity$5 this$1
com.cobrain.android.MainActivity$5$1: MainActivity$5$1(com.cobrain.android.MainActivity$5)
com.cobrain.android.MainActivity$5$1: void onClick(android.content.DialogInterface,int)
...
com.google.gson.internal.bind.ObjectTypeAdapter$2
com.google.gson.internal.bind.ObjectTypeAdapter$2: int[] $SwitchMap$com$google$gson$stream$JsonToken
com.google.gson.internal.bind.ObjectTypeAdapter$2: void <clinit>()
com.google.gson.internal.bind.ReflectiveTypeAdapterFactory
com.google.gson.internal.bind.ReflectiveTypeAdapterFactory: com.google.gson.internal.ConstructorConstructor constructorConstructor
com.google.gson.internal.bind.ReflectiveTypeAdapterFactory: com.google.gson.FieldNamingStrategy fieldNamingPolicy
com.google.gson.internal.bind.ReflectiveTypeAdapterFactory: com.google.gson.internal.Excluder excluder
com.google.gson.internal.bind.ReflectiveTypeAdapterFactory: ReflectiveTypeAdapterFactory(com.google.gson.internal.ConstructorConstructor,com.google.gson.FieldNamingStrategy,com.google.gson.internal.Excluder)
com.google.gson.internal.bind.ReflectiveTypeAdapterFactory: boolean excludeField(java.lang.reflect.Field,boolean)
com.google.gson.internal.bind.ReflectiveTypeAdapterFactory: java.lang.String getFieldName(java.lang.reflect.Field)
com.google.gson.internal.bind.ReflectiveTypeAdapterFactory: com.google.gson.TypeAdapter create(com.google.gson.Gson,com.google.gson.reflect.TypeToken)
com.google.gson.internal.bind.ReflectiveTypeAdapterFactory: com.google.gson.internal.bind.ReflectiveTypeAdapterFactory$BoundField createBoundField(com.google.gson.Gson,java.lang.reflect.Field,java.lang.String,com.google.gson.reflect.TypeToken,boolean,boolean)
com.google.gson.internal.bind.ReflectiveTypeAdapterFactory: java.util.Map getBoundFields(com.google.gson.Gson,com.google.gson.reflect.TypeToken,java.lang.Class)
com.google.gson.internal.bind.ReflectiveTypeAdapterFactory$1
com.google.gson.internal.bind.ReflectiveTypeAdapterFactory$1: com.google.gson.TypeAdapter typeAdapter
com.google.gson.internal.bind.ReflectiveTypeAdapterFactory$1: com.google.gson.Gson val$context
com.google.gson.internal.bind.ReflectiveTypeAdapterFactory$1: com.google.gson.reflect.TypeToken val$fieldType
com.google.gson.internal.bind.ReflectiveTypeAdapterFactory$1: java.lang.reflect.Field val$field
com.google.gson.internal.bind.ReflectiveTypeAdapterFactory$1: boolean val$isPrimitive
com.google.gson.internal.bind.ReflectiveTypeAdapterFactory$1: com.google.gson.internal.bind.ReflectiveTypeAdapterFactory this$0
com.google.gson.internal.bind.ReflectiveTypeAdapterFactory$1: ReflectiveTypeAdapterFactory$1(com.google.gson.internal.bind.ReflectiveTypeAdapterFactory,java.lang.String,boolean,boolean,com.google.gson.Gson,com.google.gson.reflect.TypeToken,java.lang.reflect.Field,boolean)
com.google.gson.internal.bind.ReflectiveTypeAdapterFactory$1: void write(com.google.gson.stream.JsonWriter,java.lang.Object)
com.google.gson.internal.bind.ReflectiveTypeAdapterFactory$1: void read(com.google.gson.stream.JsonReader,java.lang.Object)
com.google.gson.internal.bind.ReflectiveTypeAdapterFactory$Adapter
com.google.gson.internal.bind.ReflectiveTypeAdapterFactory$Adapter: com.google.gson.internal.ObjectConstructor constructor
com.google.gson.internal.bind.ReflectiveTypeAdapterFactory$Adapter: java.util.Map boundFields
com.google.gson.internal.bind.ReflectiveTypeAdapterFactory$Adapter: ReflectiveTypeAdapterFactory$Adapter(com.google.gson.internal.ObjectConstructor,java.util.Map)
com.google.gson.internal.bind.ReflectiveTypeAdapterFactory$Adapter: java.lang.Object read(com.google.gson.stream.JsonReader)
com.google.gson.internal.bind.ReflectiveTypeAdapterFactory$Adapter: void write(com.google.gson.stream.JsonWriter,java.lang.Object)
com.google.gson.internal.bind.ReflectiveTypeAdapterFactory$Adapter: ReflectiveTypeAdapterFactory$Adapter(com.google.gson.internal.ObjectConstructor,java.util.Map,com.google.gson.internal.bind.ReflectiveTypeAdapterFactory$1)