Cobrain/proguard/mapping.txt
com.cobrain.android.BuildConfig -> com.cobrain.android.BuildConfig:
    boolean DEBUG -> DEBUG
com.cobrain.android.MainActivity -> com.cobrain.android.MainActivity:
    java.lang.String TAG -> TAG
    java.lang.String ACTION_SIGNUP -> ACTION_SIGNUP
    com.cobrain.android.controllers.Cobrain cobrain -> cobrain
    com.cobrain.android.controllers.Cobrain$CobrainView cobrainView -> cobrainView
    com.cobrain.android.controllers.Cobrain$CobrainView cobrainMainView -> cobrainMainView
    com.cobrain.android.controllers.Cobrain$CobrainView cobrainMenuView -> cobrainMenuView
    java.lang.Runnable showView -> showView
    android.app.ProgressDialog progressDialog -> progressDialog
    com.cobrain.android.fragments.MainFragment homeFragment -> homeFragment
    boolean showOptionsMenu -> showOptionsMenu
    com.cobrain.android.loaders.IntentLoader intentLoader -> intentLoader
    android.view.View menuSelected -> menuSelected
    int menuItemSelected -> menuItemSelected
    boolean letMeLeave -> letMeLeave
    boolean isDestroying -> isDestroying
    android.os.Handler handler -> handler
    android.widget.TextView actionBarTitle -> actionBarTitle
    android.widget.TextView actionBarSubTitle -> actionBarSubTitle
    android.view.View actionBarView -> actionBarView
    android.view.View actionBarMenuOpenerView -> actionBarMenuOpenerView
    com.cobrain.android.MainActivity$ShowFragmentRequest showFragmentRequest -> showFragmentRequest
    java.lang.Object showFragmentRequestLock -> showFragmentRequestLock
    93:127:void showLogin(java.lang.String) -> showLogin
com.cobrain.android.MainActivity$1 -> com.cobrain.android.MainActivity$1:
    com.cobrain.android.MainActivity this$0 -> this$0
    143:145:void onClick(android.content.DialogInterface,int) -> onClick
com.cobrain.android.MainActivity$2 -> com.cobrain.android.MainActivity$2:
    com.cobrain.android.MainActivity this$0 -> this$0
    java.lang.String val$tag -> val$tag
    166:170:void run() -> run
com.cobrain.android.MainActivity$3 -> com.cobrain.android.MainActivity$3:
    com.cobrain.android.MainActivity this$0 -> this$0
    320:323:void run() -> run
com.cobrain.android.MainActivity$4 -> com.cobrain.android.MainActivity$4:
    com.cobrain.android.MainActivity this$0 -> this$0
    java.lang.String val$message -> val$message
    446:466:void run() -> run
com.cobrain.android.MainActivity$4$1 -> com.cobrain.android.MainActivity$4$1:
    com.cobrain.android.MainActivity$4 this$1 -> this$1
    454:455:void onClick(android.content.DialogInterface,int) -> onClick
com.cobrain.android.MainActivity$5 -> com.cobrain.android.MainActivity$5:
    com.cobrain.android.MainActivity this$0 -> this$0
    java.lang.String val$message -> val$message
    478:505:void run() -> run
com.cobrain.android.MainActivity$5$1 -> com.cobrain.android.MainActivity$5$1:
    com.cobrain.android.MainActivity$5 this$1 -> this$1
    493:494:void onClick(android.content.DialogInterface,int) -> onClick
com.cobrain.android.MainActivity$6 -> com.cobrain.android.MainActivity$6:
    com.cobrain.android.MainActivity this$0 -> this$0
    527:527:java.lang.String getDescription(java.lang.String,java.lang.Throwable) -> getDescription
com.cobrain.android.MainActivity$ShowFragmentRequest -> com.cobrain.android.MainActivity$ShowFragmentRequest:
    android.support.v4.app.Fragment f -> f
    int containerId -> containerId
    java.lang.String tag -> tag
    boolean addToBackStack -> addToBackStack
    boolean clearBackStack -> clearBackStack
    com.cobrain.android.MainActivity this$0 -> this$0
...
com.google.tagmanager.protobuf.CodedInputStream$1 -> com.google.tagmanager.protobuf.CodedInputStream$1:
com.google.tagmanager.protobuf.CodedInputStream$RefillCallback -> com.google.tagmanager.protobuf.CodedInputStream$RefillCallback:
    void onRefill() -> onRefill
com.google.tagmanager.protobuf.CodedInputStream$SkippedDataSink -> com.google.tagmanager.protobuf.CodedInputStream$SkippedDataSink:
    int lastPos -> lastPos
    java.io.ByteArrayOutputStream byteArrayStream -> byteArrayStream
    com.google.tagmanager.protobuf.CodedInputStream this$0 -> this$0
    274:279:void onRefill() -> onRefill
    286:290:java.nio.ByteBuffer getSkippedData() -> getSkippedData
com.google.tagmanager.protobuf.CodedOutputStream -> com.google.tagmanager.protobuf.CodedOutputStream:
    byte[] buffer -> buffer
    int limit -> limit
    int position -> position
    int totalBytesWritten -> totalBytesWritten
    java.io.OutputStream output -> output
    int DEFAULT_BUFFER_SIZE -> DEFAULT_BUFFER_SIZE
    int LITTLE_ENDIAN_32_SIZE -> LITTLE_ENDIAN_32_SIZE
    int LITTLE_ENDIAN_64_SIZE -> LITTLE_ENDIAN_64_SIZE
    45:46:int computePreferredBufferSize(int) -> computePreferredBufferSize
    69:69:com.google.tagmanager.protobuf.CodedOutputStream newInstance(java.io.OutputStream) -> newInstance
    78:78:com.google.tagmanager.protobuf.CodedOutputStream newInstance(java.io.OutputStream,int) -> newInstance
    89:89:com.google.tagmanager.protobuf.CodedOutputStream newInstance(byte[]) -> newInstance
    102:102:com.google.tagmanager.protobuf.CodedOutputStream newInstance(byte[],int,int) -> newInstance
    109:109:com.google.tagmanager.protobuf.CodedOutputStream newInstance(java.nio.ByteBuffer) -> newInstance
    117:117:com.google.tagmanager.protobuf.CodedOutputStream newInstance(java.nio.ByteBuffer,int) -> newInstance
    142:144:void writeDouble(int,double) -> writeDouble
    149:151:void writeFloat(int,float) -> writeFloat
    156:158:void writeUInt64(int,long) -> writeUInt64
    163:165:void writeInt64(int,long) -> writeInt64
    170:172:void writeInt32(int,int) -> writeInt32
    177:179:void writeFixed64(int,long) -> writeFixed64
com.google.tagmanager.protobuf.CodedOutputStream$ByteBufferOutputStream -> com.google.tagmanager.protobuf.CodedOutputStream$ByteBufferOutputStream:
    java.nio.ByteBuffer byteBuffer -> byteBuffer
    128:129:void write(int) -> write
    133:134:void write(byte[],int,int) -> write
com.google.tagmanager.protobuf.CodedOutputStream$OutOfSpaceException -> com.google.tagmanager.protobuf.CodedOutputStream$OutOfSpaceException:
    long serialVersionUID -> serialVersionUID
com.google.tagmanager.protobuf.ExtensionRegistryLite -> com.google.tagmanager.protobuf.ExtensionRegistryLite:
    boolean eagerlyParseMessageSets -> eagerlyParseMessageSets
    java.util.Map extensionsByNumber -> extensionsByNumber
    com.google.tagmanager.protobuf.ExtensionRegistryLite EMPTY -> EMPTY
    55:55:boolean isEagerlyParseMessageSets() -> isEagerlyParseMessageSets
    59:60:void setEagerlyParseMessageSets(boolean) -> setEagerlyParseMessageSets
    64:64:com.google.tagmanager.protobuf.ExtensionRegistryLite newInstance() -> newInstance
    69:69:com.google.tagmanager.protobuf.ExtensionRegistryLite getEmptyRegistry() -> getEmptyRegistry
    74:74:com.google.tagmanager.protobuf.ExtensionRegistryLite getUnmodifiable() -> getUnmodifiable
    89:89:com.google.tagmanager.protobuf.GeneratedMessageLite$GeneratedExtension findLiteExtensionByNumber(com.google.tagmanager.protobuf.MessageLite,int) -> findLiteExtensionByNumber
    97:101:void add(com.google.tagmanager.protobuf.GeneratedMessageLite$GeneratedExtension) -> add
com.google.tagmanager.protobuf.ExtensionRegistryLite$ObjectIntPair -> com.google.tagmanager.protobuf.ExtensionRegistryLite$ObjectIntPair:
    java.lang.Object object -> object
    int number -> number
    146:146:int hashCode() -> hashCode
    150:154:boolean equals(java.lang.Object) -> equals